生成启动时间为 2018/10/30 19:27:48。
     1>项目“C:\Users\Lenovo\Documents\Visual Studio 2010\Projects\5！\5！\5！.vcxproj”在节点 2 上(build 个目标)。
     1>PrepareForBuild:
         正在创建目录“C:\Users\Lenovo\Documents\Visual Studio 2010\Projects\5！\Release\”。
       InitializeBuildStatus:
         正在创建“Release\5！.unsuccessfulbuild”，因为已指定“AlwaysCreate”。
       ClCompile:
         G:\Program Files (x86)\Microsoft Visual Studio 10.0\VC\bin\CL.exe /c /Zi /nologo /W3 /WX- /O2 /Oi /Oy- /GL /D WIN32 /D NDEBUG /D _CONSOLE /D _UNICODE /D UNICODE /Gm- /EHsc /MD /GS /Gy /fp:precise /Zc:wchar_t /Zc:forScope /Fo"Release\\" /Fd"Release\vc100.pdb" /Gd /TP /analyze- /errorReport:prompt "5！.cpp"
         5！.cpp
       Link:
         G:\Program Files (x86)\Microsoft Visual Studio 10.0\VC\bin\link.exe /ERRORREPORT:PROMPT /OUT:"C:\Users\Lenovo\Documents\Visual Studio 2010\Projects\5！\Release\5！.exe" /INCREMENTAL:NO /NOLOGO kernel32.lib user32.lib gdi32.lib winspool.lib comdlg32.lib advapi32.lib shell32.lib ole32.lib oleaut32.lib uuid.lib odbc32.lib odbccp32.lib /MANIFEST /ManifestFile:"Release\5！.exe.intermediate.manifest" /MANIFESTUAC:"level='asInvoker' uiAccess='false'" /DEBUG /PDB:"C:\Users\Lenovo\Documents\Visual Studio 2010\Projects\5！\Release\5！.pdb" /SUBSYSTEM:CONSOLE /OPT:REF /OPT:ICF /LTCG /TLBID:1 /DYNAMICBASE /NXCOMPAT /IMPLIB:"C:\Users\Lenovo\Documents\Visual Studio 2010\Projects\5！\Release\5！.lib" /MACHINE:X86 "Release\5！.obj"
         正在生成代码
         已完成代码的生成
         5！.vcxproj -> C:\Users\Lenovo\Documents\Visual Studio 2010\Projects\5！\Release\5！.exe
       Manifest:
         C:\Program Files (x86)\Microsoft SDKs\Windows\v7.0A\bin\mt.exe /nologo /verbose /outputresource:"C:\Users\Lenovo\Documents\Visual Studio 2010\Projects\5！\Release\5！.exe;#1" /manifest "Release\5！.exe.intermediate.manifest"
       FinalizeBuildStatus:
         正在删除文件“Release\5！.unsuccessfulbuild”。
         正在对“Release\5！.lastbuildstate”执行 Touch 任务。
     1>已完成生成项目“C:\Users\Lenovo\Documents\Visual Studio 2010\Projects\5！\5！\5！.vcxproj”(build 个目标)的操作。

生成成功。

已用时间 00:00:00.70
