生成启动时间为 2018/11/12 12:52:16。
     1>项目“c:\Users\Lenovo\documents\visual studio 2010\Projects\11.11作业3\11.11作业3\11.11作业3.vcxproj”在节点 2 上(build 个目标)。
     1>InitializeBuildStatus:
         正在创建“Debug\11.11作业3.unsuccessfulbuild”，因为已指定“AlwaysCreate”。
       ClCompile:
         G:\Program Files (x86)\Microsoft Visual Studio 10.0\VC\bin\CL.exe /c /ZI /nologo /W3 /WX- /Od /Oy- /D WIN32 /D _DEBUG /D _CONSOLE /D _UNICODE /D UNICODE /Gm /EHsc /RTC1 /MDd /GS /fp:precise /Zc:wchar_t /Zc:forScope /Fo"Debug\\" /Fd"Debug\vc100.pdb" /Gd /TP /analyze- /errorReport:prompt 3.cpp
         3.cpp
       ManifestResourceCompile:
         所有输出均为最新。
       Link:
         G:\Program Files (x86)\Microsoft Visual Studio 10.0\VC\bin\link.exe /ERRORREPORT:PROMPT /OUT:"c:\users\lenovo\documents\visual studio 2010\Projects\11.11作业3\Debug\11.11作业3.exe" /INCREMENTAL /NOLOGO kernel32.lib user32.lib gdi32.lib winspool.lib comdlg32.lib advapi32.lib shell32.lib ole32.lib oleaut32.lib uuid.lib odbc32.lib odbccp32.lib /MANIFEST /ManifestFile:"Debug\11.11作业3.exe.intermediate.manifest" /MANIFESTUAC:"level='asInvoker' uiAccess='false'" /DEBUG /PDB:"c:\users\lenovo\documents\visual studio 2010\Projects\11.11作业3\Debug\11.11作业3.pdb" /SUBSYSTEM:CONSOLE /TLBID:1 /DYNAMICBASE /NXCOMPAT /IMPLIB:"c:\users\lenovo\documents\visual studio 2010\Projects\11.11作业3\Debug\11.11作业3.lib" /MACHINE:X86 "Debug\11.11作业3.exe.embed.manifest.res"
         Debug\3.obj
       Manifest:
         C:\Program Files (x86)\Microsoft SDKs\Windows\v7.0A\bin\mt.exe /nologo /verbose /out:"Debug\11.11作业3.exe.embed.manifest" /manifest "Debug\11.11作业3.exe.intermediate.manifest"
         所有输出均为最新。
       LinkEmbedManifest:
         所有输出均为最新。
         11.11作业3.vcxproj -> c:\users\lenovo\documents\visual studio 2010\Projects\11.11作业3\Debug\11.11作业3.exe
       FinalizeBuildStatus:
         正在删除文件“Debug\11.11作业3.unsuccessfulbuild”。
         正在对“Debug\11.11作业3.lastbuildstate”执行 Touch 任务。
     1>已完成生成项目“c:\Users\Lenovo\documents\visual studio 2010\Projects\11.11作业3\11.11作业3\11.11作业3.vcxproj”(build 个目标)的操作。

生成成功。

已用时间 00:00:01.08
